<?xml version="1.0" encoding="UTF-8"?>
<!-- Generated by org.testng.reporters.JUnitXMLReporter -->
<testsuite hostname="DELL" ignored="0" name="Test" tests="2" failures="2" timestamp="2022-05-03T01:09:12 IST" time="0.067" errors="0">
  <testcase name="TC2" time="0.011" classname="com.Amazon.AmazonLogin">
    <failure type="java.lang.NullPointerException">
      <![CDATA[java.lang.NullPointerException
at com.Amazon.AmazonLogin.TC2(AmazonLogin.java:25)
at java.util.ArrayList.forEach(Unknown Source)
... Removed 27 stack frames]]>
    </failure>
  </testcase> <!-- TC2 -->
  <testcase name="TC1" time="0.003" classname="com.Amazon.AmazonLogin">
    <failure type="java.lang.NullPointerException">
      <![CDATA[java.lang.NullPointerException
at com.Amazon.AmazonLogin.TC1(AmazonLogin.java:13)
at java.util.ArrayList.forEach(Unknown Source)
... Removed 27 stack frames]]>
    </failure>
  </testcase> <!-- TC1 -->
</testsuite> <!-- Test -->
