<?xml version="1.0" encoding="UTF-8"?>
<testng-results skipped="0" failed="0" ignored="0" total="1" passed="1">
  <reporter-output>
  </reporter-output>
  <suite name="Default suite" duration-ms="9616" started-at="2022-05-05T01:50:45 IST" finished-at="2022-05-05T01:50:54 IST">
    <groups>
    </groups>
    <test name="Default test" duration-ms="9616" started-at="2022-05-05T01:50:45 IST" finished-at="2022-05-05T01:50:54 IST">
      <class name="com.Amazon.Snapshot">
        <test-method status="PASS" signature="screenshot()[pri:0, instance:com.Amazon.Snapshot@cb51256]" name="screenshot" duration-ms="9565" started-at="2022-05-05T01:50:45 IST" finished-at="2022-05-05T01:50:54 IST">
          <reporter-output>
          </reporter-output>
        </test-method> <!-- screenshot -->
      </class> <!-- com.Amazon.Snapshot -->
    </test> <!-- Default test -->
  </suite> <!-- Default suite -->
</testng-results>
